# JRE version: Java(TM) SE Runtime Environment (15.0.2+7) (build 15.0.2+7-27)
# Java VM: Java HotSpot(TM) 64-Bit Server VM (15.0.2+7-27, mixed mode, sharing, tiered, compressed oops, g1 gc, windows-amd64)
GC Precious Log:
 CPUs: 4 total, 4 available
 Memory: 8191M
 Large Page Support: Disabled
 NUMA Support: Disabled
 Compressed Oops: Enabled (32-bit)
 Heap Region Size: 1M
 Heap Min Capacity: 8M
 Heap Initial Capacity: 128M
 Heap Max Capacity: 2G
 Pre-touch: Disabled
 Parallel Workers: 4
 Concurrent Workers: 1
 Concurrent Refinement Workers: 4
 Periodic GC: Disabled
Heap:
 garbage-first heap   total 66560K, used 47521K [0x0000000080000000, 0x0000000100000000)
  region size 1024K, 23 young (23552K), 3 survivors (3072K)
 Metaspace       used 64762K, capacity 65421K, committed 65616K, reserved 1105920K
  class space    used 8129K, capacity 8331K, committed 8448K, reserved 1048576K
GC Heap History (20 events):
Event: 4.240 GC heap before
{Heap before GC invocations=9 (full 0):
 garbage-first heap   total 45056K, used 31853K [0x0000000080000000, 0x0000000100000000)
  region size 1024K, 20 young (20480K), 3 survivors (3072K)
 Metaspace       used 28748K, capacity 29142K, committed 29360K, reserved 1075200K
  class space    used 3606K, capacity 3740K, committed 3840K, reserved 1048576K
}
Event: 4.249 GC heap after
{Heap after GC invocations=10 (full 0):
 garbage-first heap   total 55296K, used 15695K [0x0000000080000000, 0x0000000100000000)
  region size 1024K, 1 young (1024K), 1 survivors (1024K)
 Metaspace       used 28748K, capacity 29142K, committed 29360K, reserved 1075200K
  class space    used 3606K, capacity 3740K, committed 3840K, reserved 1048576K
}
Event: 4.439 GC heap before
{Heap before GC invocations=10 (full 0):
 garbage-first heap   total 55296K, used 40271K [0x0000000080000000, 0x0000000100000000)
  region size 1024K, 26 young (26624K), 1 survivors (1024K)
 Metaspace       used 29322K, capacity 29669K, committed 29872K, reserved 1075200K
  class space    used 3669K, capacity 3809K, committed 3840K, reserved 1048576K
}
Event: 4.442 GC heap after
{Heap after GC invocations=11 (full 0):
 garbage-first heap   total 55296K, used 16025K [0x0000000080000000, 0x0000000100000000)
  region size 1024K, 1 young (1024K), 1 survivors (1024K)
 Metaspace       used 29322K, capacity 29669K, committed 29872K, reserved 1075200K
  class space    used 3669K, capacity 3809K, committed 3840K, reserved 1048576K
}
Event: 5.196 GC heap before
{Heap before GC invocations=11 (full 0):
 garbage-first heap   total 55296K, used 41625K [0x0000000080000000, 0x0000000100000000)
  region size 1024K, 27 young (27648K), 1 survivors (1024K)
 Metaspace       used 33081K, capacity 33423K, committed 33712K, reserved 1079296K
  class space    used 4132K, capacity 4266K, committed 4352K, reserved 1048576K
}
Event: 5.200 GC heap after
{Heap after GC invocations=12 (full 0):
 garbage-first heap   total 55296K, used 17585K [0x0000000080000000, 0x0000000100000000)
  region size 1024K, 2 young (2048K), 2 survivors (2048K)
 Metaspace       used 33081K, capacity 33423K, committed 33712K, reserved 1079296K
  class space    used 4132K, capacity 4266K, committed 4352K, reserved 1048576K
}
Event: 5.453 GC heap before
{Heap before GC invocations=12 (full 0):
 garbage-first heap   total 55296K, used 27825K [0x0000000080000000, 0x0000000100000000)
  region size 1024K, 13 young (13312K), 2 survivors (2048K)
 Metaspace       used 35183K, capacity 35565K, committed 35708K, reserved 1081344K
  class space    used 4464K, capacity 4592K, committed 4608K, reserved 1048576K
}
Event: 5.458 GC heap after
{Heap after GC invocations=13 (full 0):
 garbage-first heap   total 55296K, used 18247K [0x0000000080000000, 0x0000000100000000)
  region size 1024K, 3 young (3072K), 3 survivors (3072K)
 Metaspace       used 35183K, capacity 35565K, committed 35708K, reserved 1081344K
  class space    used 4464K, capacity 4592K, committed 4608K, reserved 1048576K
}
Event: 5.974 GC heap before
{Heap before GC invocations=14 (full 0):
 garbage-first heap   total 55296K, used 41799K [0x0000000080000000, 0x0000000100000000)
  region size 1024K, 27 young (27648K), 3 survivors (3072K)
 Metaspace       used 40389K, capacity 40778K, committed 41084K, reserved 1085440K
  class space    used 5168K, capacity 5322K, committed 5376K, reserved 1048576K
}
Event: 5.982 GC heap after
{Heap after GC invocations=15 (full 0):
 garbage-first heap   total 55296K, used 20408K [0x0000000080000000, 0x0000000100000000)
  region size 1024K, 3 young (3072K), 3 survivors (3072K)
 Metaspace       used 40389K, capacity 40778K, committed 41084K, reserved 1085440K
  class space    used 5168K, capacity 5322K, committed 5376K, reserved 1048576K
}
Event: 6.727 GC heap before
{Heap before GC invocations=15 (full 0):
 garbage-first heap   total 55296K, used 42936K [0x0000000080000000, 0x0000000100000000)
  region size 1024K, 25 young (25600K), 3 survivors (3072K)
 Metaspace       used 43737K, capacity 44199K, committed 44284K, reserved 1087488K
  class space    used 5584K, capacity 5713K, committed 5760K, reserved 1048576K
}
Event: 6.734 GC heap after
{Heap after GC invocations=16 (full 0):
 garbage-first heap   total 55296K, used 23353K [0x0000000080000000, 0x0000000100000000)
  region size 1024K, 3 young (3072K), 3 survivors (3072K)
 Metaspace       used 43737K, capacity 44199K, committed 44284K, reserved 1087488K
  class space    used 5584K, capacity 5713K, committed 5760K, reserved 1048576K
}
Event: 7.336 GC heap before
{Heap before GC invocations=16 (full 0):
 garbage-first heap   total 55296K, used 43833K [0x0000000080000000, 0x0000000100000000)
  region size 1024K, 23 young (23552K), 3 survivors (3072K)
 Metaspace       used 46983K, capacity 47409K, committed 47484K, reserved 1091584K
  class space    used 6009K, capacity 6138K, committed 6144K, reserved 1048576K
}
Event: 7.343 GC heap after
{Heap after GC invocations=17 (full 0):
 garbage-first heap   total 66560K, used 25215K [0x0000000080000000, 0x0000000100000000)
  region size 1024K, 2 young (2048K), 2 survivors (2048K)
 Metaspace       used 46983K, capacity 47409K, committed 47484K, reserved 1091584K
  class space    used 6009K, capacity 6138K, committed 6144K, reserved 1048576K
}
Event: 8.598 GC heap before
{Heap before GC invocations=17 (full 0):
 garbage-first heap   total 66560K, used 50815K [0x0000000080000000, 0x0000000100000000)
  region size 1024K, 27 young (27648K), 2 survivors (2048K)
 Metaspace       used 53458K, capacity 53945K, committed 54140K, reserved 1095680K
  class space    used 6960K, capacity 7114K, committed 7168K, reserved 1048576K
}
Event: 8.605 GC heap after
{Heap after GC invocations=18 (full 0):
 garbage-first heap   total 66560K, used 26327K [0x0000000080000000, 0x0000000100000000)
  region size 1024K, 3 young (3072K), 3 survivors (3072K)
 Metaspace       used 53458K, capacity 53945K, committed 54140K, reserved 1095680K
  class space    used 6960K, capacity 7114K, committed 7168K, reserved 1048576K
}
Event: 22.738 GC heap before
{Heap before GC invocations=18 (full 0):
 garbage-first heap   total 66560K, used 49879K [0x0000000080000000, 0x0000000100000000)
  region size 1024K, 28 young (28672K), 3 survivors (3072K)
 Metaspace       used 59093K, capacity 59555K, committed 59728K, reserved 1101824K
  class space    used 7658K, capacity 7828K, committed 7936K, reserved 1048576K
}
Event: 22.748 GC heap after
{Heap after GC invocations=19 (full 0):
 garbage-first heap   total 66560K, used 28186K [0x0000000080000000, 0x0000000100000000)
  region size 1024K, 4 young (4096K), 4 survivors (4096K)
 Metaspace       used 59093K, capacity 59555K, committed 59728K, reserved 1101824K
  class space    used 7658K, capacity 7828K, committed 7936K, reserved 1048576K
}
Event: 69.030 GC heap before
{Heap before GC invocations=20 (full 0):
 garbage-first heap   total 66560K, used 50714K [0x0000000080000000, 0x0000000100000000)
  region size 1024K, 27 young (27648K), 4 survivors (4096K)
 Metaspace       used 63320K, capacity 63901K, committed 64208K, reserved 1105920K
  class space    used 8073K, capacity 8257K, committed 8320K, reserved 1048576K
}
Event: 69.038 GC heap after
{Heap after GC invocations=21 (full 0):
 garbage-first heap   total 66560K, used 29089K [0x0000000080000000, 0x0000000100000000)
  region size 1024K, 3 young (3072K), 3 survivors (3072K)
 Metaspace       used 63320K, capacity 63901K, committed 64208K, reserved 1105920K
  class space    used 8073K, capacity 8257K, committed 8320K, reserved 1048576K
}

